2017-03-10 13:40:52.783 INFO  (main) [   ] o.a.s.c.SolrResourceLoader JNDI not configured for solr (NoInitialContextEx)
2017-03-10 13:40:52.786 INFO  (main) [   ] o.a.s.c.SolrResourceLoader solr home defaulted to 'solr/' (could not find system property or JNDI)
2017-03-10 13:40:52.788 INFO  (main) [   ] o.a.s.c.SolrResourceLoader new SolrResourceLoader for directory: 'D:\Users\xzh36832194\Workspaces\Eclipse\solr\solr'
2017-03-10 13:40:52.788 INFO  (main) [   ] o.a.s.c.SolrResourceLoader JNDI not configured for solr (NoInitialContextEx)
2017-03-10 13:40:52.789 INFO  (main) [   ] o.a.s.c.SolrResourceLoader solr home defaulted to 'solr/' (could not find system property or JNDI)
2017-03-10 13:40:52.798 INFO  (main) [   ] o.a.s.h.d.s.SolrDataImportProperties Instance dir = D:\Users\xzh36832194\Workspaces\Eclipse\solr\solr
2017-03-10 13:40:52.800 ERROR (main) [   ] o.a.s.h.d.s.SolrDataImportProperties Error locating DataImportScheduler dataimport.properties file
java.io.FileNotFoundException: D:\Users\xzh36832194\Workspaces\Eclipse\solr\solr\conf\dataimport.properties (系统找不到指定的路径。)
	at java.io.FileInputStream.open(Native Method)
	at java.io.FileInputStream.<init>(FileInputStream.java:146)
	at org.apache.solr.handler.dataimport.scheduler.SolrDataImportProperties.loadProperties(SolrDataImportProperties.java:69)
	at org.apache.solr.handler.dataimport.scheduler.BaseHttpPostScheduler.reloadParams(BaseHttpPostScheduler.java:57)
	at org.apache.solr.handler.dataimport.scheduler.BaseHttpPostScheduler.<init>(BaseHttpPostScheduler.java:39)
	at org.apache.solr.handler.dataimport.scheduler.DeltaImportHttpPostScheduler.<init>(DeltaImportHttpPostScheduler.java:13)
	at org.apache.solr.handler.dataimport.scheduler.ApplicationListener.contextInitialized(ApplicationListener.java:75)
	at org.eclipse.jetty.server.handler.ContextHandler.callContextInitialized(ContextHandler.java:782)
	at org.eclipse.jetty.servlet.ServletContextHandler.callContextInitialized(ServletContextHandler.java:424)
	at org.eclipse.jetty.server.handler.ContextHandler.startContext(ContextHandler.java:774)
	at org.eclipse.jetty.servlet.ServletContextHandler.startContext(ServletContextHandler.java:249)
	at org.eclipse.jetty.webapp.WebAppContext.startContext(WebAppContext.java:1242)
	at org.eclipse.jetty.server.handler.ContextHandler.doStart(ContextHandler.java:717)
	at org.eclipse.jetty.webapp.WebAppContext.doStart(WebAppContext.java:494)
	at org.eclipse.jetty.util.component.AbstractLifeCycle.start(AbstractLifeCycle.java:64)
	at org.eclipse.jetty.server.handler.HandlerWrapper.doStart(HandlerWrapper.java:95)
	at org.eclipse.jetty.server.Server.doStart(Server.java:282)
	at org.eclipse.jetty.util.component.AbstractLifeCycle.start(AbstractLifeCycle.java:64)
	at net.sourceforge.eclipsejetty.starter.embedded.JettyEmbeddedAdapter.start(JettyEmbeddedAdapter.java:67)
	at net.sourceforge.eclipsejetty.starter.common.AbstractJettyLauncherMain.launch(AbstractJettyLauncherMain.java:84)
	at net.sourceforge.eclipsejetty.starter.embedded.JettyEmbeddedLauncherMain.main(JettyEmbeddedLauncherMain.java:42)
2017-03-10 13:41:06.291 INFO  (main) [   ] o.a.s.c.SolrResourceLoader JNDI not configured for solr (NoInitialContextEx)
2017-03-10 13:41:06.292 INFO  (main) [   ] o.a.s.c.SolrResourceLoader solr home defaulted to 'solr/' (could not find system property or JNDI)
2017-03-10 13:41:06.294 INFO  (main) [   ] o.a.s.c.SolrResourceLoader new SolrResourceLoader for directory: 'D:\Users\xzh36832194\Workspaces\Eclipse\solr\solr'
2017-03-10 13:41:06.294 INFO  (main) [   ] o.a.s.c.SolrResourceLoader JNDI not configured for solr (NoInitialContextEx)
2017-03-10 13:41:06.294 INFO  (main) [   ] o.a.s.c.SolrResourceLoader solr home defaulted to 'solr/' (could not find system property or JNDI)
2017-03-10 13:41:06.296 INFO  (main) [   ] o.a.s.h.d.s.SolrDataImportProperties Instance dir = D:\Users\xzh36832194\Workspaces\Eclipse\solr\solr
2017-03-10 13:41:06.297 ERROR (main) [   ] o.a.s.h.d.s.SolrDataImportProperties Error locating DataImportScheduler dataimport.properties file
java.io.FileNotFoundException: D:\Users\xzh36832194\Workspaces\Eclipse\solr\solr\conf\dataimport.properties (系统找不到指定的路径。)
	at java.io.FileInputStream.open(Native Method)
	at java.io.FileInputStream.<init>(FileInputStream.java:146)
	at org.apache.solr.handler.dataimport.scheduler.SolrDataImportProperties.loadProperties(SolrDataImportProperties.java:69)
	at org.apache.solr.handler.dataimport.scheduler.BaseHttpPostScheduler.reloadParams(BaseHttpPostScheduler.java:57)
	at org.apache.solr.handler.dataimport.scheduler.BaseHttpPostScheduler.<init>(BaseHttpPostScheduler.java:39)
	at org.apache.solr.handler.dataimport.scheduler.DeltaImportHttpPostScheduler.<init>(DeltaImportHttpPostScheduler.java:13)
	at org.apache.solr.handler.dataimport.scheduler.ApplicationListener.contextInitialized(ApplicationListener.java:75)
	at org.eclipse.jetty.server.handler.ContextHandler.callContextInitialized(ContextHandler.java:782)
	at org.eclipse.jetty.servlet.ServletContextHandler.callContextInitialized(ServletContextHandler.java:424)
	at org.eclipse.jetty.server.handler.ContextHandler.startContext(ContextHandler.java:774)
	at org.eclipse.jetty.servlet.ServletContextHandler.startContext(ServletContextHandler.java:249)
	at org.eclipse.jetty.webapp.WebAppContext.startContext(WebAppContext.java:1242)
	at org.eclipse.jetty.server.handler.ContextHandler.doStart(ContextHandler.java:717)
	at org.eclipse.jetty.webapp.WebAppContext.doStart(WebAppContext.java:494)
	at org.eclipse.jetty.util.component.AbstractLifeCycle.start(AbstractLifeCycle.java:64)
	at org.eclipse.jetty.server.handler.HandlerWrapper.doStart(HandlerWrapper.java:95)
	at org.eclipse.jetty.server.Server.doStart(Server.java:282)
	at org.eclipse.jetty.util.component.AbstractLifeCycle.start(AbstractLifeCycle.java:64)
	at net.sourceforge.eclipsejetty.starter.embedded.JettyEmbeddedAdapter.start(JettyEmbeddedAdapter.java:67)
	at net.sourceforge.eclipsejetty.starter.common.AbstractJettyLauncherMain.launch(AbstractJettyLauncherMain.java:84)
	at net.sourceforge.eclipsejetty.starter.embedded.JettyEmbeddedLauncherMain.main(JettyEmbeddedLauncherMain.java:42)
2017-03-10 13:42:36.583 INFO  (main) [   ] o.a.s.c.SolrResourceLoader JNDI not configured for solr (NoInitialContextEx)
2017-03-10 13:42:36.586 INFO  (main) [   ] o.a.s.c.SolrResourceLoader solr home defaulted to 'solr/' (could not find system property or JNDI)
2017-03-10 13:42:36.588 INFO  (main) [   ] o.a.s.c.SolrResourceLoader new SolrResourceLoader for directory: 'D:\Users\xzh36832194\Workspaces\Eclipse\solr\solr'
2017-03-10 13:42:36.588 INFO  (main) [   ] o.a.s.c.SolrResourceLoader JNDI not configured for solr (NoInitialContextEx)
2017-03-10 13:42:36.588 INFO  (main) [   ] o.a.s.c.SolrResourceLoader solr home defaulted to 'solr/' (could not find system property or JNDI)
2017-03-10 13:42:36.589 INFO  (main) [   ] o.a.s.h.d.s.SolrDataImportProperties Instance dir = D:\Users\xzh36832194\Workspaces\Eclipse\solr\solr
2017-03-10 13:42:36.590 ERROR (main) [   ] o.a.s.h.d.s.SolrDataImportProperties Error locating DataImportScheduler dataimport.properties file
java.io.FileNotFoundException: D:\Users\xzh36832194\Workspaces\Eclipse\solr\solr\conf\dataimport.properties (系统找不到指定的路径。)
	at java.io.FileInputStream.open(Native Method)
	at java.io.FileInputStream.<init>(FileInputStream.java:146)
	at org.apache.solr.handler.dataimport.scheduler.SolrDataImportProperties.loadProperties(SolrDataImportProperties.java:69)
	at org.apache.solr.handler.dataimport.scheduler.BaseHttpPostScheduler.reloadParams(BaseHttpPostScheduler.java:57)
	at org.apache.solr.handler.dataimport.scheduler.BaseHttpPostScheduler.<init>(BaseHttpPostScheduler.java:39)
	at org.apache.solr.handler.dataimport.scheduler.DeltaImportHttpPostScheduler.<init>(DeltaImportHttpPostScheduler.java:13)
	at org.apache.solr.handler.dataimport.scheduler.ApplicationListener.contextInitialized(ApplicationListener.java:75)
	at org.eclipse.jetty.server.handler.ContextHandler.callContextInitialized(ContextHandler.java:782)
	at org.eclipse.jetty.servlet.ServletContextHandler.callContextInitialized(ServletContextHandler.java:424)
	at org.eclipse.jetty.server.handler.ContextHandler.startContext(ContextHandler.java:774)
	at org.eclipse.jetty.servlet.ServletContextHandler.startContext(ServletContextHandler.java:249)
	at org.eclipse.jetty.webapp.WebAppContext.startContext(WebAppContext.java:1242)
	at org.eclipse.jetty.server.handler.ContextHandler.doStart(ContextHandler.java:717)
	at org.eclipse.jetty.webapp.WebAppContext.doStart(WebAppContext.java:494)
	at org.eclipse.jetty.util.component.AbstractLifeCycle.start(AbstractLifeCycle.java:64)
	at org.eclipse.jetty.server.handler.HandlerWrapper.doStart(HandlerWrapper.java:95)
	at org.eclipse.jetty.server.Server.doStart(Server.java:282)
	at org.eclipse.jetty.util.component.AbstractLifeCycle.start(AbstractLifeCycle.java:64)
	at net.sourceforge.eclipsejetty.starter.embedded.JettyEmbeddedAdapter.start(JettyEmbeddedAdapter.java:67)
	at net.sourceforge.eclipsejetty.starter.common.AbstractJettyLauncherMain.launch(AbstractJettyLauncherMain.java:84)
	at net.sourceforge.eclipsejetty.starter.embedded.JettyEmbeddedLauncherMain.main(JettyEmbeddedLauncherMain.java:42)
2017-03-10 13:45:37.159 INFO  (main) [   ] o.a.s.c.SolrResourceLoader JNDI not configured for solr (NoInitialContextEx)
2017-03-10 13:45:37.161 INFO  (main) [   ] o.a.s.c.SolrResourceLoader solr home defaulted to 'solr/' (could not find system property or JNDI)
2017-03-10 13:45:37.163 INFO  (main) [   ] o.a.s.c.SolrResourceLoader new SolrResourceLoader for directory: 'D:\Users\xzh36832194\Workspaces\Eclipse\solr\solr'
2017-03-10 13:45:37.163 INFO  (main) [   ] o.a.s.c.SolrResourceLoader JNDI not configured for solr (NoInitialContextEx)
2017-03-10 13:45:37.163 INFO  (main) [   ] o.a.s.c.SolrResourceLoader solr home defaulted to 'solr/' (could not find system property or JNDI)
2017-03-10 13:45:37.165 INFO  (main) [   ] o.a.s.h.d.s.SolrDataImportProperties Instance dir = D:\Users\xzh36832194\Workspaces\Eclipse\solr\solr
2017-03-10 13:45:37.165 ERROR (main) [   ] o.a.s.h.d.s.SolrDataImportProperties Error locating DataImportScheduler dataimport.properties file
java.io.FileNotFoundException: D:\Users\xzh36832194\Workspaces\Eclipse\solr\solr\conf\dataimport.properties (系统找不到指定的路径。)
	at java.io.FileInputStream.open(Native Method)
	at java.io.FileInputStream.<init>(FileInputStream.java:146)
	at org.apache.solr.handler.dataimport.scheduler.SolrDataImportProperties.loadProperties(SolrDataImportProperties.java:69)
	at org.apache.solr.handler.dataimport.scheduler.BaseHttpPostScheduler.reloadParams(BaseHttpPostScheduler.java:57)
	at org.apache.solr.handler.dataimport.scheduler.BaseHttpPostScheduler.<init>(BaseHttpPostScheduler.java:39)
	at org.apache.solr.handler.dataimport.scheduler.DeltaImportHttpPostScheduler.<init>(DeltaImportHttpPostScheduler.java:13)
	at org.apache.solr.handler.dataimport.scheduler.ApplicationListener.contextInitialized(ApplicationListener.java:75)
	at org.eclipse.jetty.server.handler.ContextHandler.callContextInitialized(ContextHandler.java:782)
	at org.eclipse.jetty.servlet.ServletContextHandler.callContextInitialized(ServletContextHandler.java:424)
	at org.eclipse.jetty.server.handler.ContextHandler.startContext(ContextHandler.java:774)
	at org.eclipse.jetty.servlet.ServletContextHandler.startContext(ServletContextHandler.java:249)
	at org.eclipse.jetty.webapp.WebAppContext.startContext(WebAppContext.java:1242)
	at org.eclipse.jetty.server.handler.ContextHandler.doStart(ContextHandler.java:717)
	at org.eclipse.jetty.webapp.WebAppContext.doStart(WebAppContext.java:494)
	at org.eclipse.jetty.util.component.AbstractLifeCycle.start(AbstractLifeCycle.java:64)
	at org.eclipse.jetty.server.handler.HandlerWrapper.doStart(HandlerWrapper.java:95)
	at org.eclipse.jetty.server.Server.doStart(Server.java:282)
	at org.eclipse.jetty.util.component.AbstractLifeCycle.start(AbstractLifeCycle.java:64)
	at net.sourceforge.eclipsejetty.starter.embedded.JettyEmbeddedAdapter.start(JettyEmbeddedAdapter.java:67)
	at net.sourceforge.eclipsejetty.starter.common.AbstractJettyLauncherMain.launch(AbstractJettyLauncherMain.java:84)
	at net.sourceforge.eclipsejetty.starter.embedded.JettyEmbeddedLauncherMain.main(JettyEmbeddedLauncherMain.java:42)
2017-03-10 14:32:38.072 INFO  (main) [   ] o.a.s.c.SolrResourceLoader JNDI not configured for solr (NoInitialContextEx)
2017-03-10 14:32:38.074 INFO  (main) [   ] o.a.s.c.SolrResourceLoader solr home defaulted to 'solr/' (could not find system property or JNDI)
2017-03-10 14:32:38.076 INFO  (main) [   ] o.a.s.c.SolrResourceLoader new SolrResourceLoader for directory: 'D:\Users\xzh36832194\Workspaces\Eclipse\solr\solr'
2017-03-10 14:32:38.076 INFO  (main) [   ] o.a.s.c.SolrResourceLoader JNDI not configured for solr (NoInitialContextEx)
2017-03-10 14:32:38.076 INFO  (main) [   ] o.a.s.c.SolrResourceLoader solr home defaulted to 'solr/' (could not find system property or JNDI)
2017-03-10 14:32:38.078 INFO  (main) [   ] o.a.s.h.d.s.SolrDataImportProperties Instance dir = D:\Users\xzh36832194\Workspaces\Eclipse\solr\solr
2017-03-10 14:32:38.079 ERROR (main) [   ] o.a.s.h.d.s.SolrDataImportProperties Error locating DataImportScheduler dataimport.properties file
java.io.FileNotFoundException: D:\Users\xzh36832194\Workspaces\Eclipse\solr\solr\conf\dataimport.properties (系统找不到指定的路径。)
	at java.io.FileInputStream.open(Native Method)
	at java.io.FileInputStream.<init>(FileInputStream.java:146)
	at org.apache.solr.handler.dataimport.scheduler.SolrDataImportProperties.loadProperties(SolrDataImportProperties.java:69)
	at org.apache.solr.handler.dataimport.scheduler.BaseHttpPostScheduler.reloadParams(BaseHttpPostScheduler.java:57)
	at org.apache.solr.handler.dataimport.scheduler.BaseHttpPostScheduler.<init>(BaseHttpPostScheduler.java:39)
	at org.apache.solr.handler.dataimport.scheduler.DeltaImportHttpPostScheduler.<init>(DeltaImportHttpPostScheduler.java:13)
	at org.apache.solr.handler.dataimport.scheduler.ApplicationListener.contextInitialized(ApplicationListener.java:75)
	at org.eclipse.jetty.server.handler.ContextHandler.callContextInitialized(ContextHandler.java:782)
	at org.eclipse.jetty.servlet.ServletContextHandler.callContextInitialized(ServletContextHandler.java:424)
	at org.eclipse.jetty.server.handler.ContextHandler.startContext(ContextHandler.java:774)
	at org.eclipse.jetty.servlet.ServletContextHandler.startContext(ServletContextHandler.java:249)
	at org.eclipse.jetty.webapp.WebAppContext.startContext(WebAppContext.java:1242)
	at org.eclipse.jetty.server.handler.ContextHandler.doStart(ContextHandler.java:717)
	at org.eclipse.jetty.webapp.WebAppContext.doStart(WebAppContext.java:494)
	at org.eclipse.jetty.util.component.AbstractLifeCycle.start(AbstractLifeCycle.java:64)
	at org.eclipse.jetty.server.handler.HandlerWrapper.doStart(HandlerWrapper.java:95)
	at org.eclipse.jetty.server.Server.doStart(Server.java:282)
	at org.eclipse.jetty.util.component.AbstractLifeCycle.start(AbstractLifeCycle.java:64)
	at net.sourceforge.eclipsejetty.starter.embedded.JettyEmbeddedAdapter.start(JettyEmbeddedAdapter.java:67)
	at net.sourceforge.eclipsejetty.starter.common.AbstractJettyLauncherMain.launch(AbstractJettyLauncherMain.java:84)
	at net.sourceforge.eclipsejetty.starter.embedded.JettyEmbeddedLauncherMain.main(JettyEmbeddedLauncherMain.java:42)
